1673341052365	geckodriver	INFO	Listening on 127.0.0.1:57198
1673341055396	mozrunner::runner	INFO	Running command: "C:\\Program Files\\Mozilla Firefox\\firefox.exe" "--marionette" "--remote-debugging-port" "57199" "--remote-allow-hosts" "localhost" "-no-remote" "-profile" "C:\\Users\\fsank\\AppData\\Local\\Temp\\rust_mozprofilevHpzre"
1673341056632	Marionette	INFO	Marionette enabled
1673341056646	Marionette	INFO	Listening on port 57215
Read port: 57215
WebDriver BiDi listening on ws://127.0.0.1:57199
console.warn: SearchSettings: "get: No settings file exists, new profile?" (new NotFoundError("Could not open the file at C:\\Users\\fsank\\AppData\\Local\\Temp\\rust_mozprofilevHpzre\\search.json.mozlz4", (void 0)))
1673341060130	RemoteAgent	WARN	TLS certificate errors will be ignored for this session
DevTools listening on ws://127.0.0.1:57199/devtools/browser/8c81af78-1261-4ba1-9842-07f44ce2a194
1673341063385	Marionette	INFO	Stopped listening on port 57215
JavaScript error: resource://gre/modules/UrlClassifierListManager.jsm, line 693: TypeError: this.tablesData[table] is undefined
console.warn: TopSitesFeed: Failed to fetch data from Contile server: NetworkError when attempting to fetch resource.
1673341111375	geckodriver	INFO	Listening on 127.0.0.1:57333
1673341114442	mozrunner::runner	INFO	Running command: "C:\\Program Files\\Mozilla Firefox\\firefox.exe" "--marionette" "--remote-debugging-port" "57334" "--remote-allow-hosts" "localhost" "-no-remote" "-profile" "C:\\Users\\fsank\\AppData\\Local\\Temp\\rust_mozprofileZcE03m"
1673341115060	Marionette	INFO	Marionette enabled
1673341115075	Marionette	INFO	Listening on port 57348
Read port: 57348
WebDriver BiDi listening on ws://127.0.0.1:57334
1673341115417	RemoteAgent	WARN	TLS certificate errors will be ignored for this session
console.warn: SearchSettings: "get: No settings file exists, new profile?" (new NotFoundError("Could not open the file at C:\\Users\\fsank\\AppData\\Local\\Temp\\rust_mozprofileZcE03m\\search.json.mozlz4", (void 0)))
DevTools listening on ws://127.0.0.1:57334/devtools/browser/fa61252a-6501-441f-9105-75e6f138c5f4
1673341121867	Marionette	INFO	Stopped listening on port 57348
console.warn: TopSitesFeed: Failed to fetch data from Contile server: NetworkError when attempting to fetch resource.
WARNING: A blocker encountered an error while we were waiting.
          Blocker:  Waiting for ping task
          Phase: TelemetryController: Waiting for pending ping activity
          State: (none)
WARNING: Error: Phase "profile-before-change" is finished, it is too late to register completion condition "OS.File: flush I/O queued before profileBeforeChange"
WARNING: addBlocker@resource://gre/modules/AsyncShutdown.jsm:703:15
addBlocker@resource://gre/modules/AsyncShutdown.jsm:511:26
addBlocker@resource://gre/modules/AsyncShutdown.jsm:450:15
setupShutdown@resource://gre/modules/osfile/osfile_async_front.jsm:1563:28
@resource://gre/modules/osfile/osfile_async_front.jsm:1583:16
@resource://gre/modules/osfile.jsm:12:30
@resource://gre/modules/TelemetryStorage.jsm:19:28
promiseArchivePing@resource://gre/modules/TelemetryArchive.jsm:103:5
promiseArchivePing@resource://gre/modules/TelemetryArchive.jsm:63:33
_submitPingLogic@resource://gre/modules/TelemetryControllerParent.jsm:540:48
send@resource://gre/modules/TelemetryControllerParent.jsm:628:24
submitExternalPing@resource://gre/modules/TelemetryControllerParent.jsm:182:17
sendPing@resource://gre/modules/EventPing.jsm:51:30
_submitPing@resource://gre/modules/EventPing.jsm:229:12
shutdown@resource://gre/modules/EventPing.jsm:112:10
_cleanupOnShutdown@resource://gre/modules/TelemetryControllerParent.jsm:940:31
shutdown/<@resource://gre/modules/TelemetryControllerParent.jsm:1010:24
observe@resource://gre/modules/AsyncShutdown.jsm:560:16

WARNING: A blocker encountered an error while we were waiting.
          Blocker:  Waiting for ping task
          Phase: TelemetryController: Waiting for pending ping activity
          State: (none)
WARNING: Error: Phase "profile-before-change" is finished, it is too late to register completion condition "OS.File: flush I/O queued before profileBeforeChange"
WARNING: addBlocker@resource://gre/modules/AsyncShutdown.jsm:703:15
addBlocker@resource://gre/modules/AsyncShutdown.jsm:511:26
addBlocker@resource://gre/modules/AsyncShutdown.jsm:450:15
setupShutdown@resource://gre/modules/osfile/osfile_async_front.jsm:1563:28
@resource://gre/modules/osfile/osfile_async_front.jsm:1583:16
@resource://gre/modules/osfile.jsm:12:30
@resource://gre/modules/TelemetryStorage.jsm:19:28
promiseArchivePing@resource://gre/modules/TelemetryArchive.jsm:103:5
promiseArchivePing@resource://gre/modules/TelemetryArchive.jsm:63:33
_submitPingLogic@resource://gre/modules/TelemetryControllerParent.jsm:540:48
send@resource://gre/modules/TelemetryControllerParent.jsm:628:24
submitExternalPing@resource://gre/modules/TelemetryControllerParent.jsm:182:17
saveShutdownPings@resource://gre/modules/TelemetrySession.jsm:982:34
shutdownChromeProcess/cleanup/<@resource://gre/modules/TelemetrySession.jsm:1232:20
cleanup@resource://gre/modules/TelemetrySession.jsm:1239:9
shutdownChromeProcess@resource://gre/modules/TelemetrySession.jsm:1256:14
shutdown@resource://gre/modules/TelemetrySession.jsm:247:17
_cleanupOnShutdown@resource://gre/modules/TelemetryControllerParent.jsm:959:35
observe@resource://gre/modules/AsyncShutdown.jsm:560:16

WARNING: A blocker encountered an error while we were waiting.
          Blocker:  Waiting for ping task
          Phase: TelemetryController: Waiting for pending ping activity
          State: (none)
WARNING: Error: Phase "profile-before-change" is finished, it is too late to register completion condition "OS.File: flush I/O queued before profileBeforeChange"
WARNING: addBlocker@resource://gre/modules/AsyncShutdown.jsm:703:15
addBlocker@resource://gre/modules/AsyncShutdown.jsm:511:26
addBlocker@resource://gre/modules/AsyncShutdown.jsm:450:15
setupShutdown@resource://gre/modules/osfile/osfile_async_front.jsm:1563:28
@resource://gre/modules/osfile/osfile_async_front.jsm:1583:16
@resource://gre/modules/osfile.jsm:12:30
@resource://gre/modules/TelemetryStorage.jsm:19:28
promiseArchivePing@resource://gre/modules/TelemetryArchive.jsm:103:5
promiseArchivePing@resource://gre/modules/TelemetryArchive.jsm:63:33
_submitPingLogic@resource://gre/modules/TelemetryControllerParent.jsm:540:48
send@resource://gre/modules/TelemetryControllerParent.jsm:628:24
submitExternalPing@resource://gre/modules/TelemetryControllerParent.jsm:182:17
saveShutdownPings@resource://gre/modules/TelemetrySession.jsm:1014:36
shutdownChromeProcess/cleanup/<@resource://gre/modules/TelemetrySession.jsm:1232:20
cleanup@resource://gre/modules/TelemetrySession.jsm:1239:9
shutdownChromeProcess@resource://gre/modules/TelemetrySession.jsm:1256:14
shutdown@resource://gre/modules/TelemetrySession.jsm:247:17
_cleanupOnShutdown@resource://gre/modules/TelemetryControllerParent.jsm:959:35
observe@resource://gre/modules/AsyncShutdown.jsm:560:16

WARNING: A blocker encountered an error while we were waiting.
          Blocker:  TelemetryController: shutting down
          Phase: profile-before-change-telemetry
          State: Error getting state: Error: Phase "profile-before-change" is finished, it is too late to register completion condition "OS.File: flush I/O queued before profileBeforeChange" at addBlocker@resource://gre/modules/AsyncShutdown.jsm:703:15
addBlocker@resource://gre/modules/AsyncShutdown.jsm:511:26
addBlocker@resource://gre/modules/AsyncShutdown.jsm:450:15
setupShutdown@resource://gre/modules/osfile/osfile_async_front.jsm:1563:28
@resource://gre/modules/osfile/osfile_async_front.jsm:1583:16
@resource://gre/modules/osfile.jsm:12:30
@resource://gre/modules/TelemetryStorage.jsm:19:28
getShutdownState@resource://gre/modules/TelemetrySend.jsm:1687:7
getShutdownState@resource://gre/modules/TelemetrySend.jsm:369:30
_getState@resource://gre/modules/TelemetryControllerParent.jsm:1058:38
setupTelemetry/<@resource://gre/modules/TelemetryControllerParent.jsm:917:18
safeGetState@resource://gre/modules/AsyncShutdown.jsm:242:17
Barrier/addBlocker/promise<@resource://gre/modules/AsyncShutdown.jsm:751:20
observe@resource://gre/modules/AsyncShutdown.jsm:560:16

WARNING: Error: Phase "profile-before-change" is finished, it is too late to register completion condition "OS.File: flush I/O queued before profileBeforeChange"
WARNING: addBlocker@resource://gre/modules/AsyncShutdown.jsm:703:15
addBlocker@resource://gre/modules/AsyncShutdown.jsm:511:26
addBlocker@resource://gre/modules/AsyncShutdown.jsm:450:15
setupShutdown@resource://gre/modules/osfile/osfile_async_front.jsm:1563:28
@resource://gre/modules/osfile/osfile_async_front.jsm:1583:16
@resource://gre/modules/osfile.jsm:12:30
@resource://gre/modules/TelemetryStorage.jsm:19:28
removeAbortedSessionPing@resource://gre/modules/TelemetryControllerParent.jsm:721:5
removeAbortedSessionPing@resource://gre/modules/TelemetryControllerParent.jsm:249:17
shutdownChromeProcess/cleanup/<@resource://gre/modules/TelemetrySession.jsm:1235:42
observe@resource://gre/modules/AsyncShutdown.jsm:560:16

JavaScript error: resource://gre/modules/AsyncShutdown.jsm, line 703: Error: Phase "profile-before-change" is finished, it is too late to register completion condition "OS.File: flush I/O queued before profileBeforeChange"
JavaScript error: resource://gre/modules/AsyncShutdown.jsm, line 703: Error: Phase "profile-before-change" is finished, it is too late to register completion condition "OS.File: flush I/O queued before profileBeforeChange"
JavaScript error: resource://gre/modules/AsyncShutdown.jsm, line 703: Error: Phase "profile-before-change" is finished, it is too late to register completion condition "OS.File: flush I/O queued before profileBeforeChange"
JavaScript error: resource://gre/modules/AsyncShutdown.jsm, line 703: Error: Phase "profile-before-change" is finished, it is too late to register completion condition "OS.File: flush I/O queued before profileBeforeChange"
JavaScript error: resource://gre/modules/AsyncShutdown.jsm, line 703: Error: Phase "profile-before-change" is finished, it is too late to register completion condition "OS.File: flush I/O queued before profileBeforeChange"
JavaScript error: resource://gre/modules/AsyncShutdown.jsm, line 703: Error: Phase "profile-before-change" is finished, it is too late to register completion condition "OS.File: flush I/O queued before profileBeforeChange"
1673341232527	geckodriver	INFO	Listening on 127.0.0.1:57487
1673341235572	mozrunner::runner	INFO	Running command: "C:\\Program Files\\Mozilla Firefox\\firefox.exe" "--marionette" "--remote-debugging-port" "57488" "--remote-allow-hosts" "localhost" "-no-remote" "-profile" "C:\\Users\\fsank\\AppData\\Local\\Temp\\rust_mozprofileF3Diie"
1673341236101	Marionette	INFO	Marionette enabled
1673341236113	Marionette	INFO	Listening on port 57498
Read port: 57498
WebDriver BiDi listening on ws://127.0.0.1:57488
1673341236442	RemoteAgent	WARN	TLS certificate errors will be ignored for this session
console.warn: SearchSettings: "get: No settings file exists, new profile?" (new NotFoundError("Could not open the file at C:\\Users\\fsank\\AppData\\Local\\Temp\\rust_mozprofileF3Diie\\search.json.mozlz4", (void 0)))
DevTools listening on ws://127.0.0.1:57488/devtools/browser/44157ed6-b422-47be-81b6-27bda5644e77
1673341250932	Marionette	INFO	Stopped listening on port 57498
console.warn: TopSitesFeed: Failed to fetch data from Contile server: NetworkError when attempting to fetch resource.
WARNING: A blocker encountered an error while we were waiting.
          Blocker:  Waiting for ping task
          Phase: TelemetryController: Waiting for pending ping activity
          State: (none)
WARNING: Error: Phase "profile-before-change" is finished, it is too late to register completion condition "OS.File: flush I/O queued before profileBeforeChange"
WARNING: addBlocker@resource://gre/modules/AsyncShutdown.jsm:703:15
addBlocker@resource://gre/modules/AsyncShutdown.jsm:511:26
addBlocker@resource://gre/modules/AsyncShutdown.jsm:450:15
setupShutdown@resource://gre/modules/osfile/osfile_async_front.jsm:1563:28
@resource://gre/modules/osfile/osfile_async_front.jsm:1583:16
@resource://gre/modules/osfile.jsm:12:30
@resource://gre/modules/TelemetryStorage.jsm:19:28
promiseArchivePing@resource://gre/modules/TelemetryArchive.jsm:103:5
promiseArchivePing@resource://gre/modules/TelemetryArchive.jsm:63:33
_submitPingLogic@resource://gre/modules/TelemetryControllerParent.jsm:540:48
send@resource://gre/modules/TelemetryControllerParent.jsm:628:24
submitExternalPing@resource://gre/modules/TelemetryControllerParent.jsm:182:17
sendPing@resource://gre/modules/EventPing.jsm:51:30
_submitPing@resource://gre/modules/EventPing.jsm:229:12
shutdown@resource://gre/modules/EventPing.jsm:112:10
_cleanupOnShutdown@resource://gre/modules/TelemetryControllerParent.jsm:940:31
shutdown/<@resource://gre/modules/TelemetryControllerParent.jsm:1010:24
observe@resource://gre/modules/AsyncShutdown.jsm:560:16

WARNING: A blocker encountered an error while we were waiting.
          Blocker:  Waiting for ping task
          Phase: TelemetryController: Waiting for pending ping activity
          State: (none)
WARNING: Error: Phase "profile-before-change" is finished, it is too late to register completion condition "OS.File: flush I/O queued before profileBeforeChange"
WARNING: addBlocker@resource://gre/modules/AsyncShutdown.jsm:703:15
addBlocker@resource://gre/modules/AsyncShutdown.jsm:511:26
addBlocker@resource://gre/modules/AsyncShutdown.jsm:450:15
setupShutdown@resource://gre/modules/osfile/osfile_async_front.jsm:1563:28
@resource://gre/modules/osfile/osfile_async_front.jsm:1583:16
@resource://gre/modules/osfile.jsm:12:30
@resource://gre/modules/TelemetryStorage.jsm:19:28
promiseArchivePing@resource://gre/modules/TelemetryArchive.jsm:103:5
promiseArchivePing@resource://gre/modules/TelemetryArchive.jsm:63:33
_submitPingLogic@resource://gre/modules/TelemetryControllerParent.jsm:540:48
send@resource://gre/modules/TelemetryControllerParent.jsm:628:24
submitExternalPing@resource://gre/modules/TelemetryControllerParent.jsm:182:17
saveShutdownPings@resource://gre/modules/TelemetrySession.jsm:982:34
shutdownChromeProcess/cleanup/<@resource://gre/modules/TelemetrySession.jsm:1232:20
cleanup@resource://gre/modules/TelemetrySession.jsm:1239:9
shutdownChromeProcess@resource://gre/modules/TelemetrySession.jsm:1256:14
shutdown@resource://gre/modules/TelemetrySession.jsm:247:17
_cleanupOnShutdown@resource://gre/modules/TelemetryControllerParent.jsm:959:35
observe@resource://gre/modules/AsyncShutdown.jsm:560:16

WARNING: A blocker encountered an error while we were waiting.
          Blocker:  Waiting for ping task
          Phase: TelemetryController: Waiting for pending ping activity
          State: (none)
WARNING: Error: Phase "profile-before-change" is finished, it is too late to register completion condition "OS.File: flush I/O queued before profileBeforeChange"
WARNING: addBlocker@resource://gre/modules/AsyncShutdown.jsm:703:15
addBlocker@resource://gre/modules/AsyncShutdown.jsm:511:26
addBlocker@resource://gre/modules/AsyncShutdown.jsm:450:15
setupShutdown@resource://gre/modules/osfile/osfile_async_front.jsm:1563:28
@resource://gre/modules/osfile/osfile_async_front.jsm:1583:16
@resource://gre/modules/osfile.jsm:12:30
@resource://gre/modules/TelemetryStorage.jsm:19:28
promiseArchivePing@resource://gre/modules/TelemetryArchive.jsm:103:5
promiseArchivePing@resource://gre/modules/TelemetryArchive.jsm:63:33
_submitPingLogic@resource://gre/modules/TelemetryControllerParent.jsm:540:48
send@resource://gre/modules/TelemetryControllerParent.jsm:628:24
submitExternalPing@resource://gre/modules/TelemetryControllerParent.jsm:182:17
saveShutdownPings@resource://gre/modules/TelemetrySession.jsm:1014:36
shutdownChromeProcess/cleanup/<@resource://gre/modules/TelemetrySession.jsm:1232:20
cleanup@resource://gre/modules/TelemetrySession.jsm:1239:9
shutdownChromeProcess@resource://gre/modules/TelemetrySession.jsm:1256:14
shutdown@resource://gre/modules/TelemetrySession.jsm:247:17
_cleanupOnShutdown@resource://gre/modules/TelemetryControllerParent.jsm:959:35
observe@resource://gre/modules/AsyncShutdown.jsm:560:16

WARNING: A blocker encountered an error while we were waiting.
          Blocker:  TelemetryController: shutting down
          Phase: profile-before-change-telemetry
          State: Error getting state: Error: Phase "profile-before-change" is finished, it is too late to register completion condition "OS.File: flush I/O queued before profileBeforeChange" at addBlocker@resource://gre/modules/AsyncShutdown.jsm:703:15
addBlocker@resource://gre/modules/AsyncShutdown.jsm:511:26
addBlocker@resource://gre/modules/AsyncShutdown.jsm:450:15
setupShutdown@resource://gre/modules/osfile/osfile_async_front.jsm:1563:28
@resource://gre/modules/osfile/osfile_async_front.jsm:1583:16
@resource://gre/modules/osfile.jsm:12:30
@resource://gre/modules/TelemetryStorage.jsm:19:28
getShutdownState@resource://gre/modules/TelemetrySend.jsm:1687:7
getShutdownState@resource://gre/modules/TelemetrySend.jsm:369:30
_getState@resource://gre/modules/TelemetryControllerParent.jsm:1058:38
setupTelemetry/<@resource://gre/modules/TelemetryControllerParent.jsm:917:18
safeGetState@resource://gre/modules/AsyncShutdown.jsm:242:17
Barrier/addBlocker/promise<@resource://gre/modules/AsyncShutdown.jsm:751:20
observe@resource://gre/modules/AsyncShutdown.jsm:560:16

WARNING: Error: Phase "profile-before-change" is finished, it is too late to register completion condition "OS.File: flush I/O queued before profileBeforeChange"
WARNING: addBlocker@resource://gre/modules/AsyncShutdown.jsm:703:15
addBlocker@resource://gre/modules/AsyncShutdown.jsm:511:26
addBlocker@resource://gre/modules/AsyncShutdown.jsm:450:15
setupShutdown@resource://gre/modules/osfile/osfile_async_front.jsm:1563:28
@resource://gre/modules/osfile/osfile_async_front.jsm:1583:16
@resource://gre/modules/osfile.jsm:12:30
@resource://gre/modules/TelemetryStorage.jsm:19:28
removeAbortedSessionPing@resource://gre/modules/TelemetryControllerParent.jsm:721:5
removeAbortedSessionPing@resource://gre/modules/TelemetryControllerParent.jsm:249:17
shutdownChromeProcess/cleanup/<@resource://gre/modules/TelemetrySession.jsm:1235:42
observe@resource://gre/modules/AsyncShutdown.jsm:560:16

JavaScript error: resource://gre/modules/AsyncShutdown.jsm, line 703: Error: Phase "profile-before-change" is finished, it is too late to register completion condition "OS.File: flush I/O queued before profileBeforeChange"
JavaScript error: resource://gre/modules/AsyncShutdown.jsm, line 703: Error: Phase "profile-before-change" is finished, it is too late to register completion condition "OS.File: flush I/O queued before profileBeforeChange"
JavaScript error: resource://gre/modules/AsyncShutdown.jsm, line 703: Error: Phase "profile-before-change" is finished, it is too late to register completion condition "OS.File: flush I/O queued before profileBeforeChange"
JavaScript error: resource://gre/modules/AsyncShutdown.jsm, line 703: Error: Phase "profile-before-change" is finished, it is too late to register completion condition "OS.File: flush I/O queued before profileBeforeChange"
JavaScript error: resource://gre/modules/AsyncShutdown.jsm, line 703: Error: Phase "profile-before-change" is finished, it is too late to register completion condition "OS.File: flush I/O queued before profileBeforeChange"
JavaScript error: resource://gre/modules/AsyncShutdown.jsm, line 703: Error: Phase "profile-before-change" is finished, it is too late to register completion condition "OS.File: flush I/O queued before profileBeforeChange"
1673341647703	geckodriver	INFO	Listening on 127.0.0.1:57775
1673341650764	mozrunner::runner	INFO	Running command: "C:\\Program Files\\Mozilla Firefox\\firefox.exe" "--marionette" "--remote-debugging-port" "57776" "--remote-allow-hosts" "localhost" "-no-remote" "-profile" "C:\\Users\\fsank\\AppData\\Local\\Temp\\rust_mozprofile79NlXJ"
1673341651376	Marionette	INFO	Marionette enabled
1673341651390	Marionette	INFO	Listening on port 57790
Read port: 57790
WebDriver BiDi listening on ws://127.0.0.1:57776
1673341651723	RemoteAgent	WARN	TLS certificate errors will be ignored for this session
console.warn: SearchSettings: "get: No settings file exists, new profile?" (new NotFoundError("Could not open the file at C:\\Users\\fsank\\AppData\\Local\\Temp\\rust_mozprofile79NlXJ\\search.json.mozlz4", (void 0)))
DevTools listening on ws://127.0.0.1:57776/devtools/browser/28565ef3-9aa9-4cff-8d40-5e60e7c57aa3
console.warn: LoginRecipes: "Falling back to a synchronous message for: https://fourthsignal.beehivehcm.com."
console.warn: LoginRecipes: "Falling back to a synchronous message for: https://fourthsignal.beehivehcm.com."
JavaScript error: resource://gre/modules/AsyncShutdown.jsm, line 560: NotFoundError: No such JSWindowActor 'DevToolsFrame'
1673341966305	Marionette	INFO	Stopped listening on port 57790
e-debugging-port" "58179" "--remote-allow-hosts" "localhost" "-no-remote" "-profile" "C:\\Users\\fsank\\AppData\\Local\\Temp\\rust_mozprofile0PzJda"
1673341931649	Marionette	INFO	Marionette enabled
1673341931662	Marionette	INFO	Listening on port 58188
Read port: 58188
WebDriver BiDi listening on ws://127.0.0.1:58179
1673341932039	RemoteAgent	WARN	TLS certificate errors will be ignored for this session
console.warn: SearchSettings: "get: No settings file exists, new profile?" (new NotFoundError("Could not open the file at C:\\Users\\fsank\\AppData\\Local\\Temp\\rust_mozprofile0PzJda\\search.json.mozlz4", (void 0)))
DevTools listening on ws://127.0.0.1:58179/devtools/browser/c311d676-5ee5-4512-8ab4-82dc727cccb7
1673345371980	Marionette	INFO	Stopped listening on port 58188
console.warn: TopSitesFeed: Failed to fetch data from Contile server: NetworkError when attempting to fetch resource.
remote-debugging-port" "58274" "--remote-allow-hosts" "localhost" "-no-remote" "-profile" "C:\\Users\\fsank\\AppData\\Local\\Temp\\rust_mozprofileFzcYEA"
1673342005339	Marionette	INFO	Marionette enabled
1673342005351	Marionette	INFO	Listening on port 58288
Read port: 58288
WebDriver BiDi listening on ws://127.0.0.1:58274
1673342005679	RemoteAgent	WARN	TLS certificate errors will be ignored for this session
console.warn: SearchSettings: "get: No settings file exists, new profile?" (new NotFoundError("Could not open the file at C:\\Users\\fsank\\AppData\\Local\\Temp\\rust_mozprofileFzcYEA\\search.json.mozlz4", (void 0)))
DevTools listening on ws://127.0.0.1:58274/devtools/browser/ee50f3d2-dd4e-4343-b067-7f39f8b07cbf
console.warn: LoginRecipes: "Falling back to a synchronous message for: https://fourthsignal.beehivehcm.com."
console.warn: LoginRecipes: "Falling back to a synchronous message for: https://fourthsignal.beehivehcm.com."
JavaScript error: javascript:void();, line 1: SyntaxError: expected expression, got ')'
JavaScript warning: https://www.programiz.com/sites/all/themes/programiz/lib/mautic/mautic-form.js, line 40: unreachable code after return statement
JavaScript warning: https://pagead2.googlesyndication.com/bg/QkZn2XWhGLuUeJCWE_Zylly3qUWdX-KWqHVIqMIXcrk.js line 2 > eval line 3382 > eval line 1 > eval line 1 > eval, line 1: WEBGL_debug_renderer_info is deprecated in Firefox and will be removed. Please use RENDERER.
JavaScript warning: https://pagead2.googlesyndication.com/bg/QkZn2XWhGLuUeJCWE_Zylly3qUWdX-KWqHVIqMIXcrk.js line 2 > eval line 5827 > eval line 1 > eval line 1 > eval, line 1: WEBGL_debug_renderer_info is deprecated in Firefox and will be removed. Please use RENDERER.
JavaScript warning: https://pagead2.googlesyndication.com/bg/QkZn2XWhGLuUeJCWE_Zylly3qUWdX-KWqHVIqMIXcrk.js line 2 > eval line 7400 > eval line 1 > eval line 1 > eval, line 1: WEBGL_debug_renderer_info is deprecated in Firefox and will be removed. Please use RENDERER.
JavaScript warning: https://z.moatads.com/yahoovpaidtwoint215831825037/moatvideo.js#_moatApi63812269, line 245: WEBGL_debug_renderer_info is deprecated in Firefox and will be removed. Please use RENDERER.
JavaScript warning: https://pagead2.googlesyndication.com/bg/QkZn2XWhGLuUeJCWE_Zylly3qUWdX-KWqHVIqMIXcrk.js line 2 > eval line 4530 > eval line 1 > eval line 1 > eval, line 1: WEBGL_debug_renderer_info is deprecated in Firefox and will be removed. Please use RENDERER.
JavaScript error: , line 0: TypeError: NetworkError when attempting to fetch resource.
JavaScript warning: https://pagead2.googlesyndication.com/bg/QkZn2XWhGLuUeJCWE_Zylly3qUWdX-KWqHVIqMIXcrk.js line 2 > eval line 3064 > eval line 1 > eval line 1 > eval, line 1: WEBGL_debug_renderer_info is deprecated in Firefox and will be removed. Please use RENDERER.
JavaScript warning: https://pagead2.googlesyndication.com/bg/QkZn2XWhGLuUeJCWE_Zylly3qUWdX-KWqHVIqMIXcrk.js line 2 > eval line 1556 > eval line 1 > eval line 1 > eval, line 1: WEBGL_debug_renderer_info is deprecated in Firefox and will be removed. Please use RENDERER.
JavaScript warning: https://pagead2.googlesyndication.com/bg/QkZn2XWhGLuUeJCWE_Zylly3qUWdX-KWqHVIqMIXcrk.js line 2 > eval line 5423 > eval line 1 > eval line 1 > eval, line 1: WEBGL_debug_renderer_info is deprecated in Firefox and will be removed. Please use RENDERER.
JavaScript warning: https://pagead2.googlesyndication.com/bg/QkZn2XWhGLuUeJCWE_Zylly3qUWdX-KWqHVIqMIXcrk.js line 2 > eval line 4903 > eval line 1 > eval line 1 > eval, line 1: WEBGL_debug_renderer_info is deprecated in Firefox and will be removed. Please use RENDERER.
JavaScript warning: https://pagead2.googlesyndication.com/bg/QkZn2XWhGLuUeJCWE_Zylly3qUWdX-KWqHVIqMIXcrk.js line 2 > eval line 5884 > eval line 1 > eval line 1 > eval, line 1: WEBGL_debug_renderer_info is deprecated in Firefox and will be removed. Please use RENDERER.
JavaScript warning: https://pagead2.googlesyndication.com/bg/QkZn2XWhGLuUeJCWE_Zylly3qUWdX-KWqHVIqMIXcrk.js line 2 > eval line 2445 > eval line 1 > eval line 1 > eval, line 1: WEBGL_debug_renderer_info is deprecated in Firefox and will be removed. Please use RENDERER.
JavaScript warning: https://pagead2.googlesyndication.com/bg/QkZn2XWhGLuUeJCWE_Zylly3qUWdX-KWqHVIqMIXcrk.js line 2 > eval line 1403 > eval line 1 > eval line 1 > eval, line 1: WEBGL_debug_renderer_info is deprecated in Firefox and will be removed. Please use RENDERER.
JavaScript warning: https://pagead2.googlesyndication.com/bg/QkZn2XWhGLuUeJCWE_Zylly3qUWdX-KWqHVIqMIXcrk.js line 2 > eval line 2754 > eval line 1 > eval line 1 > eval, line 1: WEBGL_debug_renderer_info is deprecated in Firefox and will be removed. Please use RENDERER.
JavaScript error: , line 0: TypeError: NetworkError when attempting to fetch resource.
JavaScript warning: https://pagead2.googlesyndication.com/bg/QkZn2XWhGLuUeJCWE_Zylly3qUWdX-KWqHVIqMIXcrk.js line 2 > eval line 38 > eval line 1 > eval line 1 > eval, line 1: WEBGL_debug_renderer_info is deprecated in Firefox and will be removed. Please use RENDERER.
JavaScript warning: https://code.createjs.com/1.0.0/createjs.min.js, line 15: Script terminated by timeout at:
b._applyFilter@https://code.createjs.com/1.0.0/createjs.min.js:15:17842
b._applyFilters@https://code.createjs.com/1.0.0/createjs.min.js:15:12127
b._drawToCache@https://code.createjs.com/1.0.0/createjs.min.js:15:11879
b.update@https://code.createjs.com/1.0.0/createjs.min.js:15:8711
b.define@https://code.createjs.com/1.0.0/createjs.min.js:15:8221
b.cache@https://code.createjs.com/1.0.0/createjs.min.js:13:3419
lib.Symbol31@https://cdn.flashtalking.com/116264/3956236/index.html:874:16
lib.Symbol27@https://cdn.flashtalking.com/116264/3956236/index.html:1018:20
lib.Symbol16@https://cdn.flashtalking.com/116264/3956236/index.html:1035:18
lib._TEMPLATE_all_300600@https://cdn.flashtalking.com/116264/3956236/index.html:1091:20
lib.adobe_300x250@https://cdn.flashtalking.com/116264/3956236/index.html:1147:18
handleComplete@https://cdn.flashtalking.com/116264/3956236/index.html:1299:15
init/<@https://cdn.flashtalking.com/116264/3956236/index.html:1282:66
b._dispatchEvent@https://code.createjs.com/1.0.0/createjs.min.js:12:4090
b._dispatchEvent@https://code.createjs.com/1.0.0/createjs.min.js:12:4158
b.dispatchEvent@https://code.createjs.com/1.0.0/createjs.min.js:12:3479
b._sendComplete@https://code.createjs.com/1.0.0/createjs.min.js:16:17075
b._loadNext@https://code.createjs.com/1.0.0/createjs.min.js:17:5292
b._processFinishedLoad@https://code.createjs.com/1.0.0/createjs.min.js:17:7821
b._handleFileComplete@https://code.createjs.com/1.0.0/createjs.min.js:17:6619
b.on/<@https://code.createjs.com/1.0.0/createjs.min.js:12:2604
b._dispatchEvent@https://code.createjs.com/1.0.0/createjs.min.js:12:4090
b._dispatchEvent@https://code.createjs.com/1.0.0/createjs.min.js:12:4158
b.dispatchEvent@https://code.createjs.com/1.0.0/createjs.min.js:12:3479
b._sendComplete@https://code.createjs.com/1.0.0/createjs.min.js:16:17075
b._resultFormatSuccess@https://code.createjs.com/1.0.0/createjs.min.js:16:18004
createjs.proxy/<@https://code.createjs.com/1.0.0/createjs.min.js:15:31460
b._formatImage@https://code.createjs.com/1.0.0/createjs.min.js:17:17817
b.handleEvent@https://code.createjs.com/1.0.0/createjs.min.js:16:17526
b.on/<@https://code.createjs.com/1.0.0/createjs.min.js:12:2604
b._dispatchEvent@https://code.createjs.com/1.0.0/createjs.min.js:12:4090
b._dispatchEvent@https://code.createjs.com/1.0.0/createjs.min.js:12:4158
b.dispatchEvent@https://code.createjs.com/1.0.0/createjs.min.js:12:3479
b._handleTagComplete@https://code.createjs.com/1.0.0/createjs.min.js:16:20823
createjs.proxy/<@https://code.createjs.com/1.0.0/createjs.min.js:15:31460

JavaScript error: , line 0: TypeError: NetworkError when attempting to fetch resource.
JavaScript error: , line 0: TypeError: NetworkError when attempting to fetch resource.
JavaScript error: , line 0: TypeError: NetworkError when attempting to fetch resource.
JavaScript error: , line 0: TypeError: NetworkError when attempting to fetch resource.
JavaScript error: , line 0: TypeError: NetworkError when attempting to fetch resource.
JavaScript error: , line 0: TypeError: NetworkError when attempting to fetch resource.
JavaScript error: , line 0: TypeError: NetworkError when attempting to fetch resource.
console.warn: LoginRecipes: "Falling back to a synchronous message for: https://www.google.com."
JavaScript warning: https://pagead2.googlesyndication.com/bg/QkZn2XWhGLuUeJCWE_Zylly3qUWdX-KWqHVIqMIXcrk.js line 2 > eval line 1869 > eval line 1 > eval line 1 > eval, line 1: WEBGL_debug_renderer_info is deprecated in Firefox and will be removed. Please use RENDERER.
JavaScript warning: https://pagead2.googlesyndication.com/bg/QkZn2XWhGLuUeJCWE_Zylly3qUWdX-KWqHVIqMIXcrk.js line 2 > eval line 4298 > eval line 1 > eval line 1 > eval, line 1: WEBGL_debug_renderer_info is deprecated in Firefox and will be removed. Please use RENDERER.
JavaScript warning: https://pagead2.googlesyndication.com/bg/QkZn2XWhGLuUeJCWE_Zylly3qUWdX-KWqHVIqMIXcrk.js line 2 > eval line 5232 > eval line 1 > eval line 1 > eval, line 1: WEBGL_debug_renderer_info is deprecated in Firefox and will be removed. Please use RENDERER.
JavaScript warning: https://pagead2.googlesyndication.com/bg/QkZn2XWhGLuUeJCWE_Zylly3qUWdX-KWqHVIqMIXcrk.js line 2 > eval line 984 > eval line 1 > eval line 1 > eval, line 1: WEBGL_debug_renderer_info is deprecated in Firefox and will be removed. Please use RENDERER.
JavaScript warning: https://pixel.yabidos.com/flimpobj.js?cb=1673342538201&ver1=2.2.3&qid=83233313f553333313f513430313&rnd=f91mdp3z279x&cid=1041 line 1 > eval, line 175: WEBGL_debug_renderer_info is deprecated in Firefox and will be removed. Please use RENDERER.
JavaScript error: , line 0: TypeError: NetworkError when attempting to fetch resource.
JavaScript error: , line 0: TypeError: NetworkError when attempting to fetch resource.
JavaScript warning: https://pagead2.googlesyndication.com/bg/QkZn2XWhGLuUeJCWE_Zylly3qUWdX-KWqHVIqMIXcrk.js line 2 > eval line 2327 > eval line 1 > eval line 1 > eval, line 1: WEBGL_debug_renderer_info is deprecated in Firefox and will be removed. Please use RENDERER.
JavaScript error: , line 0: TypeError: NetworkError when attempting to fetch resource.
JavaScript error: , line 0: TypeError: NetworkError when attempting to fetch resource.
JavaScript error: , line 0: TypeError: NetworkError when attempting to fetch resource.
JavaScript error: , line 0: TypeError: NetworkError when attempting to fetch resource.
JavaScript error: , line 0: TypeError: NetworkError when attempting to fetch resource.
JavaScript error: , line 0: TypeError: NetworkError when attempting to fetch resource.
JavaScript error: , line 0: TypeError: NetworkError when attempting to fetch resource.
JavaScript error: , line 0: TypeError: NetworkError when attempting to fetch resource.
JavaScript warning: https://pagead2.googlesyndication.com/bg/QkZn2XWhGLuUeJCWE_Zylly3qUWdX-KWqHVIqMIXcrk.js line 2 > eval line 6345 > eval line 1 > eval line 1 > eval, line 1: WEBGL_debug_renderer_info is deprecated in Firefox and will be removed. Please use RENDERER.
JavaScript warning: https://pagead2.googlesyndication.com/bg/QkZn2XWhGLuUeJCWE_Zylly3qUWdX-KWqHVIqMIXcrk.js line 2 > eval line 7621 > eval line 1 > eval line 1 > eval, line 1: WEBGL_debug_renderer_info is deprecated in Firefox and will be removed. Please use RENDERER.
console.warn: LoginRecipes: "Falling back to a synchronous message for: https://www.google.com."
JavaScript warning: https://pagead2.googlesyndication.com/bg/QkZn2XWhGLuUeJCWE_Zylly3qUWdX-KWqHVIqMIXcrk.js line 2 > eval line 3597 > eval line 1 > eval line 1 > eval, line 1: WEBGL_debug_renderer_info is deprecated in Firefox and will be removed. Please use RENDERER.
JavaScript warning: https://pagead2.googlesyndication.com/bg/QkZn2XWhGLuUeJCWE_Zylly3qUWdX-KWqHVIqMIXcrk.js line 2 > eval line 3775 > eval line 1 > eval line 1 > eval, line 1: WEBGL_debug_renderer_info is deprecated in Firefox and will be removed. Please use RENDERER.
JavaScript warning: https://www.programiz.com/sites/all/themes/programiz/lib/mautic/mautic-form.js, line 40: unreachable code after return statement
JavaScript warning: https://pagead2.googlesyndication.com/bg/QkZn2XWhGLuUeJCWE_Zylly3qUWdX-KWqHVIqMIXcrk.js line 2 > eval line 4564 > eval line 1 > eval line 1 > eval, line 1: WEBGL_debug_renderer_info is deprecated in Firefox and will be removed. Please use RENDERER.
JavaScript warning: https://pagead2.googlesyndication.com/bg/QkZn2XWhGLuUeJCWE_Zylly3qUWdX-KWqHVIqMIXcrk.js line 2 > eval line 3292 > eval line 1 > eval line 1 > eval, line 1: WEBGL_debug_renderer_info is deprecated in Firefox and will be removed. Please use RENDERER.
JavaScript warning: https://pagead2.googlesyndication.com/bg/QkZn2XWhGLuUeJCWE_Zylly3qUWdX-KWqHVIqMIXcrk.js line 2 > eval line 576 > eval line 1 > eval line 1 > eval, line 1: WEBGL_debug_renderer_info is deprecated in Firefox and will be removed. Please use RENDERER.
JavaScript error: , line 0: TypeError: NetworkError when attempting to fetch resource.
JavaScript error: https://s0.2mdn.net/sadbundle/13319149774003146438/index.html, line 142: TypeError: a.g is null
JavaScript warning: https://pagead2.googlesyndication.com/bg/QkZn2XWhGLuUeJCWE_Zylly3qUWdX-KWqHVIqMIXcrk.js line 2 > eval line 5584 > eval line 1 > eval line 1 > eval, line 1: WEBGL_debug_renderer_info is deprecated in Firefox and will be removed. Please use RENDERER.
JavaScript error: https://s0.2mdn.net/sadbundle/13319149774003146438/index.html, line 157: TypeError: this.g is null
JavaScript error: , line 0: TypeError: NetworkError when attempting to fetch resource.
JavaScript error: , line 0: TypeError: NetworkError when attempting to fetch resource.
JavaScript warning: https://pagead2.googlesyndication.com/bg/QkZn2XWhGLuUeJCWE_Zylly3qUWdX-KWqHVIqMIXcrk.js line 2 > eval line 6563 > eval line 1 > eval line 1 > eval, line 1: WEBGL_debug_renderer_info is deprecated in Firefox and will be removed. Please use RENDERER.
console.warn: LoginRecipes: "Falling back to a synchronous message for: https://www.google.com."
JavaScript warning: https://pagead2.googlesyndication.com/bg/QkZn2XWhGLuUeJCWE_Zylly3qUWdX-KWqHVIqMIXcrk.js line 2 > eval line 5077 > eval line 1 > eval line 1 > eval, line 1: WEBGL_debug_renderer_info is deprecated in Firefox and will be removed. Please use RENDERER.
JavaScript warning: https://pagead2.googlesyndication.com/bg/QkZn2XWhGLuUeJCWE_Zylly3qUWdX-KWqHVIqMIXcrk.js line 2 > eval line 7239 > eval line 1 > eval line 1 > eval, line 1: WEBGL_debug_renderer_info is deprecated in Firefox and will be removed. Please use RENDERER.
JavaScript warning: https://pagead2.googlesyndication.com/bg/QkZn2XWhGLuUeJCWE_Zylly3qUWdX-KWqHVIqMIXcrk.js line 2 > eval line 3391 > eval line 1 > eval line 1 > eval, line 1: WEBGL_debug_renderer_info is deprecated in Firefox and will be removed. Please use RENDERER.
JavaScript error: , line 0: TypeError: NetworkError when attempting to fetch resource.
JavaScript error: , line 0: TypeError: NetworkError when attempting to fetch resource.
JavaScript warning: https://z.moatads.com/openxdisplay970503469688/moatad.js#moatClientLevel1=537072415&moatClientSlicer1=557324150&moatClientSlicer2=557324155&moatClientSlicer3=557324164&zMoatOX3TRANS=861c65a4-e18d-4163-9b3c-6e5bafea2bc1&zMoatOX3TRANSTIME=1673343164&zMoatADID=557912936&zMoatSZ=250x250&zMoatTAGID=409183077&zMoatBUID=0&zMoatDEALID=OX-bef-7Q9O87, line 239: WEBGL_debug_renderer_info is deprecated in Firefox and will be removed. Please use RENDERER.
JavaScript error: , line 0: TypeError: NetworkError when attempting to fetch resource.
JavaScript error: , line 0: TypeError: NetworkError when attempting to fetch resource.
JavaScript warning: https://pagead2.googlesyndication.com/bg/QkZn2XWhGLuUeJCWE_Zylly3qUWdX-KWqHVIqMIXcrk.js line 2 > eval line 6654 > eval line 1 > eval line 1 > eval, line 1: WEBGL_debug_renderer_info is deprecated in Firefox and will be removed. Please use RENDERER.
console.error: (new TypeError("currentNode is null", "resource://devtools/client/inspector/shared/style-change-tracker.js", 66))
TypeError: currentNode is null: canMutationImpactCurrentStyles@resource://devtools/client/inspector/shared/style-change-tracker.js:66:20
onMutations@resource://devtools/client/inspector/shared/style-change-tracker.js:84:41
_emit@resource://devtools/shared/event-emitter.js:242:32
emit@resource://devtools/shared/event-emitter.js:186:18
emit@resource://devtools/shared/event-emitter.js:330:18
getMutations@resource://devtools/client/fronts/walker.js:313:10

JavaScript error: , line 0: TypeError: NetworkError when attempting to fetch resource.
JavaScript error: , line 0: TypeError: NetworkError when attempting to fetch resource.
JavaScript warning: https://pagead2.googlesyndication.com/bg/QkZn2XWhGLuUeJCWE_Zylly3qUWdX-KWqHVIqMIXcrk.js line 2 > eval line 3806 > eval line 1 > eval line 1 > eval, line 1: WEBGL_debug_renderer_info is deprecated in Firefox and will be removed. Please use RENDERER.
JavaScript error: , line 0: TypeError: NetworkError when attempting to fetch resource.
JavaScript error: , line 0: TypeError: NetworkError when attempting to fetch resource.
JavaScript warning: https://pagead2.googlesyndication.com/bg/QkZn2XWhGLuUeJCWE_Zylly3qUWdX-KWqHVIqMIXcrk.js line 2 > eval line 5172 > eval line 1 > eval line 1 > eval, line 1: WEBGL_debug_renderer_info is deprecated in Firefox and will be removed. Please use RENDERER.
JavaScript warning: https://pagead2.googlesyndication.com/bg/QkZn2XWhGLuUeJCWE_Zylly3qUWdX-KWqHVIqMIXcrk.js line 2 > eval line 2394 > eval line 1 > eval line 1 > eval, line 1: WEBGL_debug_renderer_info is deprecated in Firefox and will be removed. Please use RENDERER.
console.warn: LoginRecipes: "Falling back to a synchronous message for: https://www.google.com."
JavaScript warning: https://pagead2.googlesyndication.com/bg/QkZn2XWhGLuUeJCWE_Zylly3qUWdX-KWqHVIqMIXcrk.js line 2 > eval line 5568 > eval line 1 > eval line 1 > eval, line 1: WEBGL_debug_renderer_info is deprecated in Firefox and will be removed. Please use RENDERER.
JavaScript warning: https://pagead2.googlesyndication.com/bg/QkZn2XWhGLuUeJCWE_Zylly3qUWdX-KWqHVIqMIXcrk.js line 2 > eval line 1313 > eval line 1 > eval line 1 > eval, line 1: WEBGL_debug_renderer_info is deprecated in Firefox and will be removed. Please use RENDERER.
JavaScript warning: https://pagead2.googlesyndication.com/bg/QkZn2XWhGLuUeJCWE_Zylly3qUWdX-KWqHVIqMIXcrk.js line 2 > eval line 2217 > eval line 1 > eval line 1 > eval, line 1: WEBGL_debug_renderer_info is deprecated in Firefox and will be removed. Please use RENDERER.
JavaScript warning: https://pagead2.googlesyndication.com/bg/QkZn2XWhGLuUeJCWE_Zylly3qUWdX-KWqHVIqMIXcrk.js line 2 > eval line 2024 > eval line 1 > eval line 1 > eval, line 1: WEBGL_debug_renderer_info is deprecated in Firefox and will be removed. Please use RENDERER.
JavaScript error: , line 0: TypeError: NetworkError when attempting to fetch resource.
JavaScript error: , line 0: TypeError: NetworkError when attempting to fetch resource.
JavaScript error: , line 0: TypeError: NetworkError when attempting to fetch resource.
JavaScript error: , line 0: TypeError: NetworkError when attempting to fetch resource.
JavaScript error: , line 0: TypeError: NetworkError when attempting to fetch resource.
JavaScript error: , line 0: TypeError: NetworkError when attempting to fetch resource.
JavaScript error: , line 0: TypeError: NetworkError when attempting to fetch resource.
JavaScript warning: https://pagead2.googlesyndication.com/bg/QkZn2XWhGLuUeJCWE_Zylly3qUWdX-KWqHVIqMIXcrk.js line 2 > eval line 4267 > eval line 1 > eval line 1 > eval, line 1: WEBGL_debug_renderer_info is deprecated in Firefox and will be removed. Please use RENDERER.
JavaScript warning: https://gravity-software.com/js/shopify/slider_shop14962.js?v=0b7216b10b5e3f0b34dcdec3318a0b48, line 551: unreachable code after return statement
JavaScript warning: https://gravity-software.com/js/shopify/slider_shop14962.js?v=0b7216b10b5e3f0b34dcdec3318a0b48, line 621: unreachable code after return statement
JavaScript warning: https://gravity-software.com/js/shopify/slider_shop14962.js?v=0b7216b10b5e3f0b34dcdec3318a0b48, line 4446: unreachable code after return statement
JavaScript warning: https://gravity-software.com/js/shopify/slider_shop14962.js?v=0b7216b10b5e3f0b34dcdec3318a0b48, line 4866: unreachable code after return statement
JavaScript error: resource://gre/modules/XULStore.jsm, line 58: Error: Can't find profile directory.
JavaScript error: resource://gre/modules/XULStore.jsm, line 58: Error: Can't find profile directory.
console.warn: LoginRecipes: "Falling back to a synchronous message for: https://store.rakwireless.com."
JavaScript error: , line 0: TypeError: NetworkError when attempting to fetch resource.
JavaScript error: , line 0: TypeError: NetworkError when attempting to fetch resource.
JavaScript error: , line 0: TypeError: NetworkError when attempting to fetch resource.
JavaScript error: , line 0: TypeError: NetworkError when attempting to fetch resource.
JavaScript error: , line 0: TypeError: NetworkError when attempting to fetch resource.
JavaScript error: , line 0: TypeError: NetworkError when attempting to fetch resource.
JavaScript error: , line 0: TypeError: NetworkError when attempting to fetch resource.
JavaScript error: https://cdn.autoketing.org/sdk-cdn/discount-master/dist/main.3ea3816376a6e01b6612.build.js, line 2: TypeError: undefined has no properties
JavaScript error: https://ha-product-option.nyc3.digitaloceanspaces.com/assets/api/v2-beta/hulkcode.js?1673344340, line 3: TypeError: t.discounts is undefined
JavaScript warning: https://gravity-software.com/js/shopify/slider_shop14962.js?v=0b7216b10b5e3f0b34dcdec3318a0b48, line 551: unreachable code after return statement
JavaScript warning: https://gravity-software.com/js/shopify/slider_shop14962.js?v=0b7216b10b5e3f0b34dcdec3318a0b48, line 621: unreachable code after return statement
JavaScript warning: https://gravity-software.com/js/shopify/slider_shop14962.js?v=0b7216b10b5e3f0b34dcdec3318a0b48, line 4446: unreachable code after return statement
JavaScript warning: https://gravity-software.com/js/shopify/slider_shop14962.js?v=0b7216b10b5e3f0b34dcdec3318a0b48, line 4866: unreachable code after return statement
JavaScript error: https://ha-product-option.nyc3.digitaloceanspaces.com/assets/api/v2-beta/hulkcode.js?1673344334, line 3: TypeError: t.discounts is undefined
console.warn: LoginRecipes: "Falling back to a synchronous message for: https://www.google.com."
console.warn: LoginRecipes: "Falling back to a synchronous message for: https://www.google.com."
JavaScript warning: https://public.powrcdn.com/latest/assets/packs/apps-view-5e4c0b0cf936d3c0d4ae.js, line 1769: unreachable code after return statement
JavaScript error: https://public.powrcdn.com/latest/assets/packs/apps/popup-b6c2f426aa251673db22.js, line 233: ReferenceError: APP_VIEW is not defined
JavaScript warning: https://public.powrcdn.com/latest/assets/packs/apps-view-5e4c0b0cf936d3c0d4ae.js, line 85: unreachable code after return statement
JavaScript error: https://growth-hack.webkul.com/js/wk_growth_hack.js?shop=robocraze-com.myshopify.com, line 1: SyntaxError: redeclaration of let wkGrowthHack
JavaScript error: https://growth-hack.webkul.com/js/wk_growth_hack.js?shop=robocraze-com.myshopify.com, line 1: SyntaxError: redeclaration of let wkGrowthHack
JavaScript error: https://growth-hack.webkul.com/js/wk_growth_hack.js?shop=robocraze-com.myshopify.com, line 1: SyntaxError: redeclaration of let wkGrowthHack
console.warn: LoginRecipes: "Falling back to a synchronous message for: http://notepad.pw."
JavaScript warning: https://pagead2.googlesyndication.com/bg/QkZn2XWhGLuUeJCWE_Zylly3qUWdX-KWqHVIqMIXcrk.js line 2 > eval line 1847 > eval line 1 > eval line 1 > eval, line 1: WEBGL_debug_renderer_info is deprecated in Firefox and will be removed. Please use RENDERER.
JavaScript warning: https://pixel.yabidos.com/flimpobj.js?cb=1673344722289&ver1=2.2.3&qid=83233313f553333313f513430313&rnd=wg5ua3vcnfpm&cid=1041 line 1 > eval, line 175: WEBGL_debug_renderer_info is deprecated in Firefox and will be removed. Please use RENDERER.
JavaScript warning: https://pixel.yabidos.com/flimpobj.js?cb=1673344722292&ver1=2.2.3&qid=83233313f553333313f513430313&rnd=b4m6mckssi2g&cid=1041 line 1 > eval, line 175: WEBGL_debug_renderer_info is deprecated in Firefox and will be removed. Please use RENDERER.
JavaScript error: , line 0: TypeError: NetworkError when attempting to fetch resource.
JavaScript error: , line 0: TypeError: NetworkError when attempting to fetch resource.
JavaScript error: resource://gre/modules/AsyncShutdown.jsm, line 560: NotFoundError: No such JSWindowActor 'DevToolsFrame'
1673344764183	Marionette	INFO	Stopped listening on port 58288
JavaScript error: , line 0: TypeError: NetworkError when attempting to fetch resource.
JavaScript error: , line 0: TypeError: NetworkError when attempting to fetch resource.
JavaScript error: , line 0: TypeError: NetworkError when attempting to fetch resource.
JavaScript error: , line 0: TypeError: NetworkError when attempting to fetch resource.
JavaScript error: , line 0: TypeError: NetworkError when attempting to fetch resource.
JavaScript error: , line 0: TypeError: NetworkError when attempting to fetch resource.
JavaScript error: , line 0: TypeError: NetworkError when attempting to fetch resource.
JavaScript error: , line 0: TypeError: NetworkError when attempting to fetch resource.
JavaScript error: , line 0: TypeError: NetworkError when attempting to fetch resource.
JavaScript error: , line 0: TypeError: NetworkError when attempting to fetch resource.
JavaScript error: , line 0: TypeError: NetworkError when attempting to fetch resource.
JavaScript error: , line 0: TypeError: NetworkError when attempting to fetch resource.
JavaScript error: , line 0: TypeError: NetworkError when attempting to fetch resource.
JavaScript error: , line 0: TypeError: NetworkError when attempting to fetch resource.
JavaScript error: , line 0: TypeError: NetworkError when attempting to fetch resource.
JavaScript error: , line 0: TypeError: NetworkError when attempting to fetch resource.
JavaScript error: , line 0: TypeError: NetworkError when attempting to fetch resource.
JavaScript error: , line 0: TypeError: NetworkError when attempting to fetch resource.
JavaScript error: , line 0: TypeError: NetworkError when attempting to fetch resource.
JavaScript error: , line 0: TypeError: NetworkError when attempting to fetch resource.
